<?xml version="1.0" encoding="UTF-8"?>
<testsuite xmlns:xsi="http://www.w3.org/2001/XMLSchema-instance" xsi:noNamespaceSchemaLocation="https://maven.apache.org/surefire/maven-surefire-plugin/xsd/surefire-test-report.xsd" name="org.example.TestExample" time="6.796" tests="3" errors="0" skipped="0" failures="0">
  <properties>
    <property name="gopherProxySet" value="false"/>
    <property name="awt.toolkit" value="sun.lwawt.macosx.LWCToolkit"/>
    <property name="java.specification.version" value="11"/>
    <property name="sun.cpu.isalist" value=""/>
    <property name="sun.jnu.encoding" value="UTF-8"/>
    <property name="java.class.path" value="/Users/gurudattsa/IdeaProjects/Playwright-Java/target/test-classes:/Users/gurudattsa/IdeaProjects/Playwright-Java/target/classes:/Users/gurudattsa/.m2/repository/junit/junit/4.13.2/junit-4.13.2.jar:/Users/gurudattsa/.m2/repository/org/hamcrest/hamcrest-core/1.3/hamcrest-core-1.3.jar:/Users/gurudattsa/.m2/repository/com/microsoft/playwright/playwright/1.33.0/playwright-1.33.0.jar:/Users/gurudattsa/.m2/repository/com/google/code/gson/gson/2.8.9/gson-2.8.9.jar:/Users/gurudattsa/.m2/repository/org/opentest4j/opentest4j/1.2.0/opentest4j-1.2.0.jar:/Users/gurudattsa/.m2/repository/com/microsoft/playwright/driver/1.33.0/driver-1.33.0.jar:/Users/gurudattsa/.m2/repository/com/microsoft/playwright/driver-bundle/1.33.0/driver-bundle-1.33.0.jar:/Users/gurudattsa/.m2/repository/org/junit/jupiter/junit-jupiter/5.8.1/junit-jupiter-5.8.1.jar:/Users/gurudattsa/.m2/repository/org/junit/jupiter/junit-jupiter-api/5.8.1/junit-jupiter-api-5.8.1.jar:/Users/gurudattsa/.m2/repository/org/junit/platform/junit-platform-commons/1.8.1/junit-platform-commons-1.8.1.jar:/Users/gurudattsa/.m2/repository/org/apiguardian/apiguardian-api/1.1.2/apiguardian-api-1.1.2.jar:/Users/gurudattsa/.m2/repository/org/junit/jupiter/junit-jupiter-params/5.8.1/junit-jupiter-params-5.8.1.jar:/Users/gurudattsa/.m2/repository/org/junit/jupiter/junit-jupiter-engine/5.8.1/junit-jupiter-engine-5.8.1.jar:/Users/gurudattsa/.m2/repository/org/junit/platform/junit-platform-engine/1.8.1/junit-platform-engine-1.8.1.jar:/Users/gurudattsa/.m2/repository/com/fasterxml/jackson/dataformat/jackson-dataformat-xml/2.15.2/jackson-dataformat-xml-2.15.2.jar:/Users/gurudattsa/.m2/repository/com/fasterxml/jackson/core/jackson-core/2.15.2/jackson-core-2.15.2.jar:/Users/gurudattsa/.m2/repository/com/fasterxml/jackson/core/jackson-annotations/2.15.2/jackson-annotations-2.15.2.jar:/Users/gurudattsa/.m2/repository/org/codehaus/woodstox/stax2-api/4.2.1/stax2-api-4.2.1.jar:/Users/gurudattsa/.m2/repository/com/fasterxml/woodstox/woodstox-core/6.5.1/woodstox-core-6.5.1.jar:/Users/gurudattsa/.m2/repository/com/fasterxml/jackson/core/jackson-databind/2.15.2/jackson-databind-2.15.2.jar:"/>
    <property name="java.vm.vendor" value="AdoptOpenJDK"/>
    <property name="sun.arch.data.model" value="64"/>
    <property name="java.vendor.url" value="https://adoptopenjdk.net/"/>
    <property name="user.timezone" value=""/>
    <property name="java.vm.specification.version" value="11"/>
    <property name="os.name" value="Mac OS X"/>
    <property name="sun.java.launcher" value="SUN_STANDARD"/>
    <property name="user.country" value="GB"/>
    <property name="sun.boot.library.path" value="/Library/Java/JavaVirtualMachines/adoptopenjdk-11.jdk/Contents/Home/lib"/>
    <property name="sun.java.command" value="/Users/gurudattsa/IdeaProjects/Playwright-Java/target/surefire/surefirebooter9638212284042863120.jar /Users/gurudattsa/IdeaProjects/Playwright-Java/target/surefire 2023-06-03T14-34-51_927-jvmRun1 surefire15133495375562860327tmp surefire_05679823343284912089tmp"/>
    <property name="http.nonProxyHosts" value="local|*.local|169.254/16|*.169.254/16"/>
    <property name="jdk.debug" value="release"/>
    <property name="surefire.test.class.path" value="/Users/gurudattsa/IdeaProjects/Playwright-Java/target/test-classes:/Users/gurudattsa/IdeaProjects/Playwright-Java/target/classes:/Users/gurudattsa/.m2/repository/junit/junit/4.13.2/junit-4.13.2.jar:/Users/gurudattsa/.m2/repository/org/hamcrest/hamcrest-core/1.3/hamcrest-core-1.3.jar:/Users/gurudattsa/.m2/repository/com/microsoft/playwright/playwright/1.33.0/playwright-1.33.0.jar:/Users/gurudattsa/.m2/repository/com/google/code/gson/gson/2.8.9/gson-2.8.9.jar:/Users/gurudattsa/.m2/repository/org/opentest4j/opentest4j/1.2.0/opentest4j-1.2.0.jar:/Users/gurudattsa/.m2/repository/com/microsoft/playwright/driver/1.33.0/driver-1.33.0.jar:/Users/gurudattsa/.m2/repository/com/microsoft/playwright/driver-bundle/1.33.0/driver-bundle-1.33.0.jar:/Users/gurudattsa/.m2/repository/org/junit/jupiter/junit-jupiter/5.8.1/junit-jupiter-5.8.1.jar:/Users/gurudattsa/.m2/repository/org/junit/jupiter/junit-jupiter-api/5.8.1/junit-jupiter-api-5.8.1.jar:/Users/gurudattsa/.m2/repository/org/junit/platform/junit-platform-commons/1.8.1/junit-platform-commons-1.8.1.jar:/Users/gurudattsa/.m2/repository/org/apiguardian/apiguardian-api/1.1.2/apiguardian-api-1.1.2.jar:/Users/gurudattsa/.m2/repository/org/junit/jupiter/junit-jupiter-params/5.8.1/junit-jupiter-params-5.8.1.jar:/Users/gurudattsa/.m2/repository/org/junit/jupiter/junit-jupiter-engine/5.8.1/junit-jupiter-engine-5.8.1.jar:/Users/gurudattsa/.m2/repository/org/junit/platform/junit-platform-engine/1.8.1/junit-platform-engine-1.8.1.jar:/Users/gurudattsa/.m2/repository/com/fasterxml/jackson/dataformat/jackson-dataformat-xml/2.15.2/jackson-dataformat-xml-2.15.2.jar:/Users/gurudattsa/.m2/repository/com/fasterxml/jackson/core/jackson-core/2.15.2/jackson-core-2.15.2.jar:/Users/gurudattsa/.m2/repository/com/fasterxml/jackson/core/jackson-annotations/2.15.2/jackson-annotations-2.15.2.jar:/Users/gurudattsa/.m2/repository/org/codehaus/woodstox/stax2-api/4.2.1/stax2-api-4.2.1.jar:/Users/gurudattsa/.m2/repository/com/fasterxml/woodstox/woodstox-core/6.5.1/woodstox-core-6.5.1.jar:/Users/gurudattsa/.m2/repository/com/fasterxml/jackson/core/jackson-databind/2.15.2/jackson-databind-2.15.2.jar:"/>
    <property name="sun.cpu.endian" value="little"/>
    <property name="user.home" value="/Users/gurudattsa"/>
    <property name="user.language" value="en"/>
    <property name="java.specification.vendor" value="Oracle Corporation"/>
    <property name="java.version.date" value="2021-04-20"/>
    <property name="java.home" value="/Library/Java/JavaVirtualMachines/adoptopenjdk-11.jdk/Contents/Home"/>
    <property name="file.separator" value="/"/>
    <property name="basedir" value="/Users/gurudattsa/IdeaProjects/Playwright-Java"/>
    <property name="java.vm.compressedOopsMode" value="Zero based"/>
    <property name="line.separator" value="&#10;"/>
    <property name="java.specification.name" value="Java Platform API Specification"/>
    <property name="java.vm.specification.vendor" value="Oracle Corporation"/>
    <property name="java.awt.graphicsenv" value="sun.awt.CGraphicsEnvironment"/>
    <property name="surefire.real.class.path" value="/Users/gurudattsa/IdeaProjects/Playwright-Java/target/surefire/surefirebooter9638212284042863120.jar"/>
    <property name="sun.management.compiler" value="HotSpot 64-Bit Tiered Compilers"/>
    <property name="ftp.nonProxyHosts" value="local|*.local|169.254/16|*.169.254/16"/>
    <property name="java.runtime.version" value="11.0.11+9"/>
    <property name="user.name" value="gurudattsa"/>
    <property name="path.separator" value=":"/>
    <property name="os.version" value="11.4"/>
    <property name="java.runtime.name" value="OpenJDK Runtime Environment"/>
    <property name="file.encoding" value="UTF-8"/>
    <property name="java.vm.name" value="OpenJDK 64-Bit Server VM"/>
    <property name="java.vendor.version" value="AdoptOpenJDK-11.0.11+9"/>
    <property name="localRepository" value="/Users/gurudattsa/.m2/repository"/>
    <property name="java.vendor.url.bug" value="https://github.com/AdoptOpenJDK/openjdk-support/issues"/>
    <property name="java.io.tmpdir" value="/var/folders/z0/85c4t2356c160q51qws6cc0h0000gn/T/"/>
    <property name="idea.version" value="2022.1"/>
    <property name="java.version" value="11.0.11"/>
    <property name="user.dir" value="/Users/gurudattsa/IdeaProjects/Playwright-Java"/>
    <property name="os.arch" value="x86_64"/>
    <property name="java.vm.specification.name" value="Java Virtual Machine Specification"/>
    <property name="java.awt.printerjob" value="sun.lwawt.macosx.CPrinterJob"/>
    <property name="sun.os.patch.level" value="unknown"/>
    <property name="java.library.path" value="/Users/gurudattsa/Library/Java/Extensions:/Library/Java/Extensions:/Network/Library/Java/Extensions:/System/Library/Java/Extensions:/usr/lib/java:."/>
    <property name="java.vm.info" value="mixed mode"/>
    <property name="java.vendor" value="AdoptOpenJDK"/>
    <property name="java.vm.version" value="11.0.11+9"/>
    <property name="sun.io.unicode.encoding" value="UnicodeBig"/>
    <property name="java.class.version" value="55.0"/>
    <property name="socksNonProxyHosts" value="local|*.local|169.254/16|*.169.254/16"/>
  </properties>
  <testcase name="shouldCheckTheBox" classname="org.example.TestExample" time="0.554"/>
  <testcase name="shouldClickButton" classname="org.example.TestExample" time="0.209"/>
  <testcase name="shouldSearchWiki" classname="org.example.TestExample" time="1.942"/>
</testsuite>